<?xml version="1.0" encoding="UTF-8"?>
<testsuite name="br.com.codenation.calculadora.CalculadoraSalarioTest" tests="4" skipped="0" failures="0" errors="0" timestamp="2020-02-23T20:52:40" hostname="DESKTOP-CIM14QM" time="0.005">
  <properties/>
  <testcase name="salarioLiquido" classname="br.com.codenation.calculadora.CalculadoraSalarioTest" time="0.003"/>
  <testcase name="salarioLiquidoIsNegative" classname="br.com.codenation.calculadora.CalculadoraSalarioTest" time="0.0"/>
  <testcase name="salarioLiquidoIsZero" classname="br.com.codenation.calculadora.CalculadoraSalarioTest" time="0.0"/>
  <testcase name="salarioLiquidoIsNotNull" classname="br.com.codenation.calculadora.CalculadoraSalarioTest" time="0.0"/>
  <system-out><![CDATA[]]></system-out>
  <system-err><![CDATA[]]></system-err>
</testsuite>
